01/09/2023 19:08:58 - INFO - trainer -   ***** Running training *****
01/09/2023 19:08:58 - INFO - trainer -     Num examples = 29001
01/09/2023 19:08:58 - INFO - trainer -     Num Epochs = 10
01/09/2023 19:08:58 - INFO - trainer -     Total train batch size = 128
01/09/2023 19:08:58 - INFO - trainer -     warmup steps = 100
01/09/2023 19:08:58 - INFO - trainer -     Total optimization steps = 290010
01/09/2023 19:08:58 - INFO - trainer -     Save steps = 100
01/09/2023 19:09:02 - INFO - trainer -   Saving model checkpoint to output_dir/de-en
01/09/2023 19:09:37 - INFO - trainer -   ***** Running prediction on single test dataset *****
01/09/2023 19:09:37 - INFO - trainer -     Num examples = 1000
01/09/2023 19:09:37 - INFO - trainer -     Batch size = 128
01/09/2023 19:09:37 - INFO - trainer -     Search strategy = beam search(beam num=5)
01/09/2023 19:11:28 - INFO - trainer -   ***** Running training *****
01/09/2023 19:11:28 - INFO - trainer -     Num examples = 29001
01/09/2023 19:11:28 - INFO - trainer -     Num Epochs = 10
01/09/2023 19:11:28 - INFO - trainer -     Total train batch size = 128
01/09/2023 19:11:28 - INFO - trainer -     warmup steps = 100
01/09/2023 19:11:28 - INFO - trainer -     Total optimization steps = 290010
01/09/2023 19:11:28 - INFO - trainer -     Save steps = 100
01/09/2023 19:11:35 - INFO - trainer -   Saving model checkpoint to output_dir/de-en
01/09/2023 19:12:10 - INFO - trainer -   ***** Running prediction on single test dataset *****
01/09/2023 19:12:10 - INFO - trainer -     Num examples = 1000
01/09/2023 19:12:10 - INFO - trainer -     Batch size = 128
01/09/2023 19:12:10 - INFO - trainer -     Search strategy = beam search(beam num=5)
01/09/2023 19:12:11 - INFO - trainer -   {'BLUE': 0.0}
01/09/2023 19:12:14 - INFO - trainer -   Saving model checkpoint to output_dir/de-en
01/09/2023 19:12:49 - INFO - trainer -   ***** Running prediction on single test dataset *****
01/09/2023 19:12:49 - INFO - trainer -     Num examples = 1000
01/09/2023 19:12:49 - INFO - trainer -     Batch size = 128
01/09/2023 19:12:49 - INFO - trainer -     Search strategy = beam search(beam num=5)
01/09/2023 19:12:50 - INFO - trainer -   {'BLUE': 0.020637153090270807}
01/09/2023 19:12:53 - INFO - trainer -   Saving model checkpoint to output_dir/de-en
01/09/2023 19:13:02 - INFO - trainer -   ***** Running evaluation on validation dataset *****
01/09/2023 19:13:02 - INFO - trainer -     Num examples = 1015
01/09/2023 19:13:02 - INFO - trainer -     Batch size = 128
01/09/2023 19:13:04 - INFO - trainer -   Epoch: 1, Train loss: 4.018, Val loss: 2.479, Epoch time = 94.316s
01/09/2023 19:13:08 - INFO - trainer -   Saving model checkpoint to output_dir/de-en
01/09/2023 19:13:12 - INFO - trainer -   Saving model checkpoint to output_dir/de-en
01/09/2023 19:13:48 - INFO - trainer -   ***** Running prediction on single test dataset *****
01/09/2023 19:13:48 - INFO - trainer -     Num examples = 1000
01/09/2023 19:13:48 - INFO - trainer -     Batch size = 128
01/09/2023 19:13:48 - INFO - trainer -     Search strategy = beam search(beam num=5)
01/09/2023 19:13:56 - INFO - trainer -   {'BLUE': 0.03536795824766159}
01/09/2023 19:13:59 - INFO - trainer -   Saving model checkpoint to output_dir/de-en
01/09/2023 19:14:34 - INFO - trainer -   ***** Running prediction on single test dataset *****
01/09/2023 19:14:34 - INFO - trainer -     Num examples = 1000
01/09/2023 19:14:34 - INFO - trainer -     Batch size = 128
01/09/2023 19:14:34 - INFO - trainer -     Search strategy = beam search(beam num=5)
01/09/2023 19:14:35 - INFO - trainer -   {'BLUE': 0.05564512684941292}
01/09/2023 19:14:38 - INFO - trainer -   Saving model checkpoint to output_dir/de-en
01/09/2023 19:14:48 - INFO - trainer -   ***** Running evaluation on validation dataset *****
01/09/2023 19:14:48 - INFO - trainer -     Num examples = 1015
01/09/2023 19:14:48 - INFO - trainer -     Batch size = 128
01/09/2023 19:14:49 - INFO - trainer -   Epoch: 2, Train loss: 2.199, Val loss: 1.967, Epoch time = 99.104s
01/09/2023 19:14:53 - INFO - trainer -   Saving model checkpoint to output_dir/de-en
01/09/2023 19:14:58 - INFO - trainer -   Saving model checkpoint to output_dir/de-en
01/09/2023 19:15:33 - INFO - trainer -   ***** Running prediction on single test dataset *****
01/09/2023 19:15:33 - INFO - trainer -     Num examples = 1000
01/09/2023 19:15:33 - INFO - trainer -     Batch size = 128
01/09/2023 19:15:33 - INFO - trainer -     Search strategy = beam search(beam num=5)
01/09/2023 19:15:34 - INFO - trainer -   {'BLUE': 0.07063138484954834}
01/09/2023 19:15:38 - INFO - trainer -   Saving model checkpoint to output_dir/de-en
01/09/2023 19:16:12 - INFO - trainer -   ***** Running prediction on single test dataset *****
01/09/2023 19:16:12 - INFO - trainer -     Num examples = 1000
01/09/2023 19:16:12 - INFO - trainer -     Batch size = 128
01/09/2023 19:16:12 - INFO - trainer -     Search strategy = beam search(beam num=5)
01/09/2023 19:16:13 - INFO - trainer -   {'BLUE': 0.10278613865375519}
01/09/2023 19:16:16 - INFO - trainer -   Saving model checkpoint to output_dir/de-en
01/09/2023 19:16:26 - INFO - trainer -   ***** Running evaluation on validation dataset *****
01/09/2023 19:16:26 - INFO - trainer -     Num examples = 1015
01/09/2023 19:16:26 - INFO - trainer -     Batch size = 128
01/09/2023 19:16:28 - INFO - trainer -   Epoch: 3, Train loss: 1.854, Val loss: 1.713, Epoch time = 92.412s
01/09/2023 19:16:32 - INFO - trainer -   Saving model checkpoint to output_dir/de-en
01/09/2023 19:16:37 - INFO - trainer -   Saving model checkpoint to output_dir/de-en
01/09/2023 19:17:12 - INFO - trainer -   ***** Running prediction on single test dataset *****
01/09/2023 19:17:12 - INFO - trainer -     Num examples = 1000
01/09/2023 19:17:12 - INFO - trainer -     Batch size = 128
01/09/2023 19:17:12 - INFO - trainer -     Search strategy = beam search(beam num=5)
01/09/2023 19:17:14 - INFO - trainer -   {'BLUE': 0.10842801737171807}
01/09/2023 19:17:17 - INFO - trainer -   Saving model checkpoint to output_dir/de-en
01/09/2023 19:17:53 - INFO - trainer -   ***** Running prediction on single test dataset *****
01/09/2023 19:17:53 - INFO - trainer -     Num examples = 1000
01/09/2023 19:17:53 - INFO - trainer -     Batch size = 128
01/09/2023 19:17:53 - INFO - trainer -     Search strategy = beam search(beam num=5)
01/09/2023 19:17:54 - INFO - trainer -   {'BLUE': 0.16444094479084015}
01/09/2023 19:17:59 - INFO - trainer -   Saving model checkpoint to output_dir/de-en
01/09/2023 19:18:09 - INFO - trainer -   ***** Running evaluation on validation dataset *****
01/09/2023 19:18:09 - INFO - trainer -     Num examples = 1015
01/09/2023 19:18:09 - INFO - trainer -     Batch size = 128
01/09/2023 19:18:11 - INFO - trainer -   Epoch: 4, Train loss: 1.638, Val loss: 1.520, Epoch time = 96.676s
01/09/2023 19:18:20 - INFO - trainer -   Saving model checkpoint to output_dir/de-en
01/09/2023 19:18:26 - INFO - trainer -   Saving model checkpoint to output_dir/de-en
01/09/2023 19:19:02 - INFO - trainer -   ***** Running prediction on single test dataset *****
01/09/2023 19:19:02 - INFO - trainer -     Num examples = 1000
01/09/2023 19:19:02 - INFO - trainer -     Batch size = 128
01/09/2023 19:19:02 - INFO - trainer -     Search strategy = beam search(beam num=5)
01/09/2023 19:19:04 - INFO - trainer -   {'BLUE': 0.13908293843269348}
01/09/2023 19:19:07 - INFO - trainer -   Saving model checkpoint to output_dir/de-en
01/09/2023 19:19:44 - INFO - trainer -   ***** Running prediction on single test dataset *****
01/09/2023 19:19:44 - INFO - trainer -     Num examples = 1000
01/09/2023 19:19:44 - INFO - trainer -     Batch size = 128
01/09/2023 19:19:44 - INFO - trainer -     Search strategy = beam search(beam num=5)
01/09/2023 19:19:45 - INFO - trainer -   {'BLUE': 0.21434175968170166}
01/09/2023 19:19:50 - INFO - trainer -   Saving model checkpoint to output_dir/de-en
01/09/2023 19:20:00 - INFO - trainer -   ***** Running evaluation on validation dataset *****
01/09/2023 19:20:00 - INFO - trainer -     Num examples = 1015
01/09/2023 19:20:00 - INFO - trainer -     Batch size = 128
01/09/2023 19:20:02 - INFO - trainer -   Epoch: 5, Train loss: 1.443, Val loss: 1.372, Epoch time = 99.688s
01/09/2023 19:20:06 - INFO - trainer -   Saving model checkpoint to output_dir/de-en
01/09/2023 19:20:14 - INFO - trainer -   Saving model checkpoint to output_dir/de-en
01/09/2023 19:20:51 - INFO - trainer -   ***** Running prediction on single test dataset *****
01/09/2023 19:20:51 - INFO - trainer -     Num examples = 1000
01/09/2023 19:20:51 - INFO - trainer -     Batch size = 128
01/09/2023 19:20:51 - INFO - trainer -     Search strategy = beam search(beam num=5)
01/09/2023 19:20:52 - INFO - trainer -   {'BLUE': 0.20176035165786743}
01/09/2023 19:20:59 - INFO - trainer -   Saving model checkpoint to output_dir/de-en
01/09/2023 19:21:34 - INFO - trainer -   ***** Running prediction on single test dataset *****
01/09/2023 19:21:34 - INFO - trainer -     Num examples = 1000
01/09/2023 19:21:34 - INFO - trainer -     Batch size = 128
01/09/2023 19:21:34 - INFO - trainer -     Search strategy = beam search(beam num=5)
01/09/2023 19:21:36 - INFO - trainer -   {'BLUE': 0.20708824694156647}
01/09/2023 19:21:45 - INFO - trainer -   Saving model checkpoint to output_dir/de-en
01/09/2023 19:21:54 - INFO - trainer -   ***** Running evaluation on validation dataset *****
01/09/2023 19:21:54 - INFO - trainer -     Num examples = 1015
01/09/2023 19:21:54 - INFO - trainer -     Batch size = 128
01/09/2023 19:21:56 - INFO - trainer -   Epoch: 6, Train loss: 1.325, Val loss: 1.270, Epoch time = 108.625s
01/09/2023 19:22:05 - INFO - trainer -   Saving model checkpoint to output_dir/de-en
01/09/2023 19:22:10 - INFO - trainer -   Saving model checkpoint to output_dir/de-en
01/09/2023 19:22:46 - INFO - trainer -   ***** Running prediction on single test dataset *****
01/09/2023 19:22:46 - INFO - trainer -     Num examples = 1000
01/09/2023 19:22:46 - INFO - trainer -     Batch size = 128
01/09/2023 19:22:46 - INFO - trainer -     Search strategy = beam search(beam num=5)
01/09/2023 19:22:47 - INFO - trainer -   {'BLUE': 0.2438024878501892}
01/09/2023 19:22:53 - INFO - trainer -   Saving model checkpoint to output_dir/de-en
01/09/2023 19:23:28 - INFO - trainer -   ***** Running prediction on single test dataset *****
01/09/2023 19:23:28 - INFO - trainer -     Num examples = 1000
01/09/2023 19:23:28 - INFO - trainer -     Batch size = 128
01/09/2023 19:23:28 - INFO - trainer -     Search strategy = beam search(beam num=5)
01/09/2023 19:23:30 - INFO - trainer -   {'BLUE': 0.2571637200538726}
01/09/2023 19:23:36 - INFO - trainer -   Saving model checkpoint to output_dir/de-en
01/09/2023 19:23:46 - INFO - trainer -   ***** Running evaluation on validation dataset *****
01/09/2023 19:23:46 - INFO - trainer -     Num examples = 1015
01/09/2023 19:23:46 - INFO - trainer -     Batch size = 128
01/09/2023 19:23:48 - INFO - trainer -   Epoch: 7, Train loss: 1.208, Val loss: 1.191, Epoch time = 100.927s
01/09/2023 19:23:53 - INFO - trainer -   Saving model checkpoint to output_dir/de-en
01/09/2023 19:23:58 - INFO - trainer -   Saving model checkpoint to output_dir/de-en
01/09/2023 19:24:35 - INFO - trainer -   ***** Running prediction on single test dataset *****
01/09/2023 19:24:35 - INFO - trainer -     Num examples = 1000
01/09/2023 19:24:35 - INFO - trainer -     Batch size = 128
01/09/2023 19:24:35 - INFO - trainer -     Search strategy = beam search(beam num=5)
01/09/2023 19:24:36 - INFO - trainer -   {'BLUE': 0.23816686868667603}
01/09/2023 19:24:42 - INFO - trainer -   Saving model checkpoint to output_dir/de-en
01/09/2023 19:25:17 - INFO - trainer -   ***** Running prediction on single test dataset *****
01/09/2023 19:25:17 - INFO - trainer -     Num examples = 1000
01/09/2023 19:25:17 - INFO - trainer -     Batch size = 128
01/09/2023 19:25:17 - INFO - trainer -     Search strategy = beam search(beam num=5)
01/09/2023 19:25:18 - INFO - trainer -   {'BLUE': 0.2937877471658741}
01/09/2023 19:25:22 - INFO - trainer -   Saving model checkpoint to output_dir/de-en
01/09/2023 19:25:32 - INFO - trainer -   ***** Running evaluation on validation dataset *****
01/09/2023 19:25:32 - INFO - trainer -     Num examples = 1015
01/09/2023 19:25:32 - INFO - trainer -     Batch size = 128
01/09/2023 19:25:34 - INFO - trainer -   Epoch: 8, Train loss: 1.122, Val loss: 1.122, Epoch time = 98.846s
01/09/2023 19:25:38 - INFO - trainer -   Saving model checkpoint to output_dir/de-en
01/09/2023 19:25:43 - INFO - trainer -   Saving model checkpoint to output_dir/de-en
01/09/2023 19:26:19 - INFO - trainer -   ***** Running prediction on single test dataset *****
01/09/2023 19:26:19 - INFO - trainer -     Num examples = 1000
01/09/2023 19:26:19 - INFO - trainer -     Batch size = 128
01/09/2023 19:26:19 - INFO - trainer -     Search strategy = beam search(beam num=5)
01/09/2023 19:26:21 - INFO - trainer -   {'BLUE': 0.2655814290046692}
01/09/2023 19:26:25 - INFO - trainer -   Saving model checkpoint to output_dir/de-en
01/09/2023 19:27:01 - INFO - trainer -   ***** Running prediction on single test dataset *****
01/09/2023 19:27:01 - INFO - trainer -     Num examples = 1000
01/09/2023 19:27:01 - INFO - trainer -     Batch size = 128
01/09/2023 19:27:01 - INFO - trainer -     Search strategy = beam search(beam num=5)
01/09/2023 19:27:02 - INFO - trainer -   {'BLUE': 0.2978273895246441}
01/09/2023 19:27:07 - INFO - trainer -   Saving model checkpoint to output_dir/de-en
01/09/2023 19:27:16 - INFO - trainer -   ***** Running evaluation on validation dataset *****
01/09/2023 19:27:16 - INFO - trainer -     Num examples = 1015
01/09/2023 19:27:16 - INFO - trainer -     Batch size = 128
01/09/2023 19:27:18 - INFO - trainer -   Epoch: 9, Train loss: 1.054, Val loss: 1.076, Epoch time = 97.873s
01/09/2023 19:27:22 - INFO - trainer -   Saving model checkpoint to output_dir/de-en
01/09/2023 19:27:27 - INFO - trainer -   Saving model checkpoint to output_dir/de-en
01/09/2023 19:28:04 - INFO - trainer -   ***** Running prediction on single test dataset *****
01/09/2023 19:28:04 - INFO - trainer -     Num examples = 1000
01/09/2023 19:28:04 - INFO - trainer -     Batch size = 128
01/09/2023 19:28:04 - INFO - trainer -     Search strategy = beam search(beam num=5)
01/09/2023 19:28:05 - INFO - trainer -   {'BLUE': 0.3124026957557516}
01/09/2023 19:28:13 - INFO - trainer -   Saving model checkpoint to output_dir/de-en
01/09/2023 19:28:48 - INFO - trainer -   ***** Running prediction on single test dataset *****
01/09/2023 19:28:48 - INFO - trainer -     Num examples = 1000
01/09/2023 19:28:48 - INFO - trainer -     Batch size = 128
01/09/2023 19:28:48 - INFO - trainer -     Search strategy = beam search(beam num=5)
01/09/2023 19:28:51 - INFO - trainer -   {'BLUE': 0.3029405176639557}
01/09/2023 19:28:57 - INFO - trainer -   Saving model checkpoint to output_dir/de-en
01/09/2023 19:29:06 - INFO - trainer -   ***** Running evaluation on validation dataset *****
01/09/2023 19:29:06 - INFO - trainer -     Num examples = 1015
01/09/2023 19:29:06 - INFO - trainer -     Batch size = 128
01/09/2023 19:29:08 - INFO - trainer -   Epoch: 10, Train loss: 0.991, Val loss: 1.036, Epoch time = 103.955s
01/09/2023 19:29:13 - INFO - trainer -   Saving model checkpoint to output_dir/de-en
